<?xml version="1.0" encoding="UTF-8"?>
<!-- Generated by org.testng.reporters.JUnitXMLReporter -->
<testsuite ignored="0" hostname="DESKTOP-PFPP2PO" failures="1" tests="3" name="Error Validation  Test" time="26.66" errors="0" timestamp="2024-10-31T18:27:53 IST">
  <testcase classname="frameworkdesign.test.ErrorValidation" name="loginErrorValidation" time="1.715">
    <skipped/>
  </testcase> <!-- loginErrorValidation -->
  <testcase classname="frameworkdesign.test.ErrorValidation" name="loginErrorValidation" time="0.746">
    <failure type="java.lang.AssertionError" message="expected [Incorrect email or password.] but found [Incorrect  or password.]">
      <![CDATA[java.lang.AssertionError: expected [Incorrect email or password.] but found [Incorrect  or password.]
at frameworkdesign.test.ErrorValidation.loginErrorValidation(ErrorValidation.java:23)
at java.base/java.util.ArrayList.forEach(ArrayList.java:1596)
at java.base/java.util.concurrent.FutureTask.run(FutureTask.java:317)
at java.base/java.util.concurrent.ThreadPoolExecutor.runWorker(ThreadPoolExecutor.java:1144)
at java.base/java.util.concurrent.ThreadPoolExecutor$Worker.run(ThreadPoolExecutor.java:642)
at java.base/java.lang.Thread.run(Thread.java:1583)
... Removed 21 stack frames]]>
    </failure>
  </testcase> <!-- loginErrorValidation -->
  <testcase classname="frameworkdesign.test.ErrorValidation" name="productErrorValidation" time="3.848"/>
</testsuite> <!-- Error Validation  Test -->
